<?xml version="1.0" encoding="UTF-8"?>
<testng-results skipped="0" failed="0" ignored="0" total="2" passed="2">
  <reporter-output>
  </reporter-output>
  <suite name="Default suite" duration-ms="48039" started-at="2023-03-02T14:19:03Z" finished-at="2023-03-02T14:19:51Z">
    <groups>
    </groups>
    <test name="Default test" duration-ms="48039" started-at="2023-03-02T14:19:03Z" finished-at="2023-03-02T14:19:51Z">
      <class name="org.Tests.Altro">
        <test-method status="PASS" signature="beforeclass()[pri:0, instance:org.Tests.Altro@1a968a59]" name="beforeclass" is-config="true" duration-ms="16244" started-at="2023-03-02T19:49:03Z" finished-at="2023-03-02T19:49:19Z">
          <reporter-output>
          </reporter-output>
        </test-method> <!-- beforeclass -->
        <test-method status="PASS" signature="BeforeMethod()[pri:0, instance:org.Tests.Altro@1a968a59]" name="BeforeMethod" is-config="true" duration-ms="6336" started-at="2023-03-02T19:49:19Z" finished-at="2023-03-02T19:49:25Z">
          <reporter-output>
          </reporter-output>
        </test-method> <!-- BeforeMethod -->
        <test-method status="PASS" signature="test()[pri:0, instance:org.Tests.Altro@1a968a59]" name="test" duration-ms="4177" started-at="2023-03-02T19:49:25Z" finished-at="2023-03-02T19:49:30Z">
          <reporter-output>
          </reporter-output>
        </test-method> <!-- test -->
        <test-method status="PASS" signature="afterMethod(org.testng.ITestResult)[pri:0, instance:org.Tests.Altro@1a968a59]" name="afterMethod" is-config="true" duration-ms="101" started-at="2023-03-02T19:49:30Z" finished-at="2023-03-02T19:49:30Z">
          <params>
            <param index="0">
              <value>
                <![CDATA[[TestResult name=test status=SUCCESS method=Altro.test()[pri:0, instance:org.Tests.Altro@1a968a59] output={null}]]]>
              </value>
            </param>
          </params>
          <reporter-output>
          </reporter-output>
        </test-method> <!-- afterMethod -->
        <test-method status="PASS" signature="BeforeMethod()[pri:0, instance:org.Tests.Altro@1a968a59]" name="BeforeMethod" is-config="true" duration-ms="867" started-at="2023-03-02T19:49:30Z" finished-at="2023-03-02T19:49:31Z">
          <reporter-output>
          </reporter-output>
        </test-method> <!-- BeforeMethod -->
        <test-method status="PASS" signature="test3()[pri:0, instance:org.Tests.Altro@1a968a59]" name="test3" duration-ms="16115" started-at="2023-03-02T19:49:31Z" finished-at="2023-03-02T19:49:47Z">
          <reporter-output>
          </reporter-output>
        </test-method> <!-- test3 -->
        <test-method status="PASS" signature="afterMethod(org.testng.ITestResult)[pri:0, instance:org.Tests.Altro@1a968a59]" name="afterMethod" is-config="true" duration-ms="0" started-at="2023-03-02T19:49:47Z" finished-at="2023-03-02T19:49:47Z">
          <params>
            <param index="0">
              <value>
                <![CDATA[[TestResult name=test3 status=SUCCESS method=Altro.test3()[pri:0, instance:org.Tests.Altro@1a968a59] output={null}]]]>
              </value>
            </param>
          </params>
          <reporter-output>
          </reporter-output>
        </test-method> <!-- afterMethod -->
        <test-method status="PASS" signature="AfterClass()[pri:0, instance:org.Tests.Altro@1a968a59]" name="AfterClass" is-config="true" duration-ms="4094" started-at="2023-03-02T19:49:47Z" finished-at="2023-03-02T19:49:51Z">
          <reporter-output>
          </reporter-output>
        </test-method> <!-- AfterClass -->
      </class> <!-- org.Tests.Altro -->
    </test> <!-- Default test -->
  </suite> <!-- Default suite -->
</testng-results>
